# JRE version: Java(TM) SE Runtime Environment (17.0.12+8) (build 17.0.12+8-LTS-286)
# Java VM: Java HotSpot(TM) 64-Bit Server VM (17.0.12+8-LTS-286, mixed mode, emulated-client, sharing, tiered, compressed oops, compressed class ptrs, g1 gc, windows-amd64)
GC Precious Log:
 CPUs: 4 total, 4 available
 Memory: 3930M
 Large Page Support: Disabled
 NUMA Support: Disabled
 Compressed Oops: Enabled (32-bit)
 Heap Region Size: 1M
 Heap Min Capacity: 8M
 Heap Initial Capacity: 62M
 Heap Max Capacity: 984M
 Pre-touch: Disabled
 Parallel Workers: 4
 Concurrent Workers: 1
 Concurrent Refinement Workers: 4
 Periodic GC: Disabled
Heap:
 garbage-first heap   total 58368K, used 44023K [0x00000000c2800000, 0x0000000100000000)
  region size 1024K, 30 young (30720K), 2 survivors (2048K)
 Metaspace       used 26516K, committed 26880K, reserved 1114112K
  class space    used 3720K, committed 3904K, reserved 1048576K
GC Heap History (12 events):
Event: 0.659 GC heap before
{Heap before GC invocations=0 (full 0):
 garbage-first heap   total 63488K, used 14336K [0x00000000c2800000, 0x0000000100000000)
  region size 1024K, 13 young (13312K), 0 survivors (0K)
 Metaspace       used 2698K, committed 2880K, reserved 1114112K
  class space    used 341K, committed 448K, reserved 1048576K
}
Event: 0.666 GC heap after
{Heap after GC invocations=1 (full 0):
 garbage-first heap   total 63488K, used 6628K [0x00000000c2800000, 0x0000000100000000)
  region size 1024K, 2 young (2048K), 2 survivors (2048K)
 Metaspace       used 2698K, committed 2880K, reserved 1114112K
  class space    used 341K, committed 448K, reserved 1048576K
}
Event: 1.038 GC heap before
{Heap before GC invocations=1 (full 0):
 garbage-first heap   total 63488K, used 17892K [0x00000000c2800000, 0x0000000100000000)
  region size 1024K, 13 young (13312K), 2 survivors (2048K)
 Metaspace       used 5430K, committed 5632K, reserved 1114112K
  class space    used 750K, committed 832K, reserved 1048576K
}
Event: 1.044 GC heap after
{Heap after GC invocations=2 (full 0):
 garbage-first heap   total 63488K, used 7753K [0x00000000c2800000, 0x0000000100000000)
  region size 1024K, 1 young (1024K), 1 survivors (1024K)
 Metaspace       used 5430K, committed 5632K, reserved 1114112K
  class space    used 750K, committed 832K, reserved 1048576K
}
Event: 1.537 GC heap before
{Heap before GC invocations=2 (full 0):
 garbage-first heap   total 63488K, used 28233K [0x00000000c2800000, 0x0000000100000000)
  region size 1024K, 21 young (21504K), 1 survivors (1024K)
 Metaspace       used 9965K, committed 10304K, reserved 1114112K
  class space    used 1401K, committed 1536K, reserved 1048576K
}
Event: 1.540 GC heap after
{Heap after GC invocations=3 (full 0):
 garbage-first heap   total 63488K, used 9000K [0x00000000c2800000, 0x0000000100000000)
  region size 1024K, 3 young (3072K), 3 survivors (3072K)
 Metaspace       used 9965K, committed 10304K, reserved 1114112K
  class space    used 1401K, committed 1536K, reserved 1048576K
}
Event: 1.902 GC heap before
{Heap before GC invocations=3 (full 0):
 garbage-first heap   total 63488K, used 38696K [0x00000000c2800000, 0x0000000100000000)
  region size 1024K, 33 young (33792K), 3 survivors (3072K)
 Metaspace       used 16217K, committed 16576K, reserved 1114112K
  class space    used 2214K, committed 2368K, reserved 1048576K
}
Event: 1.909 GC heap after
{Heap after GC invocations=4 (full 0):
 garbage-first heap   total 63488K, used 12395K [0x00000000c2800000, 0x0000000100000000)
  region size 1024K, 5 young (5120K), 5 survivors (5120K)
 Metaspace       used 16217K, committed 16576K, reserved 1114112K
  class space    used 2214K, committed 2368K, reserved 1048576K
}
Event: 3.026 GC heap before
{Heap before GC invocations=4 (full 0):
 garbage-first heap   total 63488K, used 40043K [0x00000000c2800000, 0x0000000100000000)
  region size 1024K, 32 young (32768K), 5 survivors (5120K)
 Metaspace       used 18889K, committed 19264K, reserved 1114112K
  class space    used 2594K, committed 2752K, reserved 1048576K
}
Event: 3.042 GC heap after
{Heap after GC invocations=5 (full 0):
 garbage-first heap   total 63488K, used 14475K [0x00000000c2800000, 0x0000000100000000)
  region size 1024K, 3 young (3072K), 3 survivors (3072K)
 Metaspace       used 18889K, committed 19264K, reserved 1114112K
  class space    used 2594K, committed 2752K, reserved 1048576K
}
Event: 3.531 GC heap before
{Heap before GC invocations=5 (full 0):
 garbage-first heap   total 63488K, used 31883K [0x00000000c2800000, 0x0000000100000000)
  region size 1024K, 21 young (21504K), 3 survivors (3072K)
 Metaspace       used 21179K, committed 21504K, reserved 1114112K
  class space    used 2944K, committed 3072K, reserved 1048576K
}
Event: 3.540 GC heap after
{Heap after GC invocations=6 (full 0):
 garbage-first heap   total 63488K, used 16375K [0x00000000c2800000, 0x0000000100000000)
  region size 1024K, 2 young (2048K), 2 survivors (2048K)
 Metaspace       used 21179K, committed 21504K, reserved 1114112K
  class space    used 2944K, committed 3072K, reserved 1048576K
}

